2026-01-06T22:56:19.186782Z  INFO tailwindcss_oxide::scanner: Provided sources:
2026-01-06T22:56:19.188170Z  INFO tailwindcss_oxide::scanner: Source: PublicSourceEntry { base: "C:\\Users\\TINGO-AI-010\\Documents\\Go-cycle", pattern: "**/*", negated: false }
2026-01-06T22:56:19.190703Z  INFO tailwindcss_oxide::scanner: Optimized sources:
2026-01-06T22:56:19.190814Z  INFO tailwindcss_oxide::scanner: Source: Auto { base: "C:\\Users\\TINGO-AI-010\\Documents\\Go-cycle" }
2026-01-06T22:56:19.201751Z  INFO scan_sources: tailwindcss_oxide::scanner: enter
2026-01-06T22:56:19.208451Z  INFO scan_sources: tailwindcss_oxide::scanner: Discovering "C:\\Users\\TINGO-AI-010\\Documents\\Go-cycle\\.env.example"
2026-01-06T22:56:19.210560Z  INFO scan_sources: tailwindcss_oxide::scanner: Discovering "C:\\Users\\TINGO-AI-010\\Documents\\Go-cycle\\app"
2026-01-06T22:56:19.211165Z  INFO scan_sources: tailwindcss_oxide::scanner: Discovering "C:\\Users\\TINGO-AI-010\\Documents\\Go-cycle\\app\\(public)"
2026-01-06T22:56:19.211625Z  INFO scan_sources: tailwindcss_oxide::scanner: Discovering "C:\\Users\\TINGO-AI-010\\Documents\\Go-cycle\\app\\(public)\\cart"
2026-01-06T22:56:19.212200Z  INFO scan_sources: tailwindcss_oxide::scanner: Discovering "C:\\Users\\TINGO-AI-010\\Documents\\Go-cycle\\app\\(public)\\cart\\page.jsx"
2026-01-06T22:56:19.212604Z  INFO scan_sources: tailwindcss_oxide::scanner: Discovering "C:\\Users\\TINGO-AI-010\\Documents\\Go-cycle\\app\\(public)\\create-store"
2026-01-06T22:56:19.212939Z  INFO scan_sources: tailwindcss_oxide::scanner: Discovering "C:\\Users\\TINGO-AI-010\\Documents\\Go-cycle\\app\\(public)\\create-store\\page.jsx"
2026-01-06T22:56:19.213153Z  INFO scan_sources: tailwindcss_oxide::scanner: Discovering "C:\\Users\\TINGO-AI-010\\Documents\\Go-cycle\\app\\(public)\\layout.jsx"
2026-01-06T22:56:19.213404Z  INFO scan_sources: tailwindcss_oxide::scanner: Discovering "C:\\Users\\TINGO-AI-010\\Documents\\Go-cycle\\app\\(public)\\loading"
2026-01-06T22:56:19.213931Z  INFO scan_sources: tailwindcss_oxide::scanner: Discovering "C:\\Users\\TINGO-AI-010\\Documents\\Go-cycle\\app\\(public)\\loading\\page.jsx"
2026-01-06T22:56:19.214530Z  INFO scan_sources: tailwindcss_oxide::scanner: Discovering "C:\\Users\\TINGO-AI-010\\Documents\\Go-cycle\\app\\(public)\\login"
2026-01-06T22:56:19.215011Z  INFO scan_sources: tailwindcss_oxide::scanner: Discovering "C:\\Users\\TINGO-AI-010\\Documents\\Go-cycle\\app\\(public)\\login\\page.jsx"
2026-01-06T22:56:19.215515Z  INFO scan_sources: tailwindcss_oxide::scanner: Discovering "C:\\Users\\TINGO-AI-010\\Documents\\Go-cycle\\app\\(public)\\orders"
2026-01-06T22:56:19.216142Z  INFO scan_sources: tailwindcss_oxide::scanner: Discovering "C:\\Users\\TINGO-AI-010\\Documents\\Go-cycle\\app\\(public)\\orders\\page.jsx"
2026-01-06T22:56:19.216894Z  INFO scan_sources: tailwindcss_oxide::scanner: Discovering "C:\\Users\\TINGO-AI-010\\Documents\\Go-cycle\\app\\(public)\\page.jsx"
2026-01-06T22:56:19.218245Z  INFO scan_sources: tailwindcss_oxide::scanner: Discovering "C:\\Users\\TINGO-AI-010\\Documents\\Go-cycle\\app\\(public)\\pricing"
2026-01-06T22:56:19.218727Z  INFO scan_sources: tailwindcss_oxide::scanner: Discovering "C:\\Users\\TINGO-AI-010\\Documents\\Go-cycle\\app\\(public)\\pricing\\page.jsx"
2026-01-06T22:56:19.219171Z  INFO scan_sources: tailwindcss_oxide::scanner: Discovering "C:\\Users\\TINGO-AI-010\\Documents\\Go-cycle\\app\\(public)\\product"
2026-01-06T22:56:19.219718Z  INFO scan_sources: tailwindcss_oxide::scanner: Discovering "C:\\Users\\TINGO-AI-010\\Documents\\Go-cycle\\app\\(public)\\product\\[productId]"
2026-01-06T22:56:19.220188Z  INFO scan_sources: tailwindcss_oxide::scanner: Discovering "C:\\Users\\TINGO-AI-010\\Documents\\Go-cycle\\app\\(public)\\product\\[productId]\\page.jsx"
2026-01-06T22:56:19.221274Z  INFO scan_sources: tailwindcss_oxide::scanner: Discovering "C:\\Users\\TINGO-AI-010\\Documents\\Go-cycle\\app\\(public)\\shop"
2026-01-06T22:56:19.221648Z  INFO scan_sources: tailwindcss_oxide::scanner: Discovering "C:\\Users\\TINGO-AI-010\\Documents\\Go-cycle\\app\\(public)\\shop\\page.jsx"
2026-01-06T22:56:19.222015Z  INFO scan_sources: tailwindcss_oxide::scanner: Discovering "C:\\Users\\TINGO-AI-010\\Documents\\Go-cycle\\app\\(public)\\shop\\[username]"
2026-01-06T22:56:19.222619Z  INFO scan_sources: tailwindcss_oxide::scanner: Discovering "C:\\Users\\TINGO-AI-010\\Documents\\Go-cycle\\app\\(public)\\shop\\[username]\\page.jsx"
2026-01-06T22:56:19.223258Z  INFO scan_sources: tailwindcss_oxide::scanner: Discovering "C:\\Users\\TINGO-AI-010\\Documents\\Go-cycle\\app\\(public)\\signup"
2026-01-06T22:56:19.223733Z  INFO scan_sources: tailwindcss_oxide::scanner: Discovering "C:\\Users\\TINGO-AI-010\\Documents\\Go-cycle\\app\\(public)\\signup\\page.jsx"
2026-01-06T22:56:19.224332Z  INFO scan_sources: tailwindcss_oxide::scanner: Discovering "C:\\Users\\TINGO-AI-010\\Documents\\Go-cycle\\app\\admin"
2026-01-06T22:56:19.225020Z  INFO scan_sources: tailwindcss_oxide::scanner: Discovering "C:\\Users\\TINGO-AI-010\\Documents\\Go-cycle\\app\\admin\\approve"
2026-01-06T22:56:19.225497Z  INFO scan_sources: tailwindcss_oxide::scanner: Discovering "C:\\Users\\TINGO-AI-010\\Documents\\Go-cycle\\app\\admin\\approve\\page.jsx"
2026-01-06T22:56:19.225961Z  INFO scan_sources: tailwindcss_oxide::scanner: Discovering "C:\\Users\\TINGO-AI-010\\Documents\\Go-cycle\\app\\admin\\coupons"
2026-01-06T22:56:19.226563Z  INFO scan_sources: tailwindcss_oxide::scanner: Discovering "C:\\Users\\TINGO-AI-010\\Documents\\Go-cycle\\app\\admin\\coupons\\page.jsx"
2026-01-06T22:56:19.226974Z  INFO scan_sources: tailwindcss_oxide::scanner: Discovering "C:\\Users\\TINGO-AI-010\\Documents\\Go-cycle\\app\\admin\\layout.jsx"
2026-01-06T22:56:19.227371Z  INFO scan_sources: tailwindcss_oxide::scanner: Discovering "C:\\Users\\TINGO-AI-010\\Documents\\Go-cycle\\app\\admin\\notifications"
2026-01-06T22:56:19.227798Z  INFO scan_sources: tailwindcss_oxide::scanner: Discovering "C:\\Users\\TINGO-AI-010\\Documents\\Go-cycle\\app\\admin\\notifications\\page.jsx"
2026-01-06T22:56:19.228112Z  INFO scan_sources: tailwindcss_oxide::scanner: Discovering "C:\\Users\\TINGO-AI-010\\Documents\\Go-cycle\\app\\admin\\orders"
2026-01-06T22:56:19.228548Z  INFO scan_sources: tailwindcss_oxide::scanner: Discovering "C:\\Users\\TINGO-AI-010\\Documents\\Go-cycle\\app\\admin\\orders\\page.jsx"
2026-01-06T22:56:19.228792Z  INFO scan_sources: tailwindcss_oxide::scanner: Discovering "C:\\Users\\TINGO-AI-010\\Documents\\Go-cycle\\app\\admin\\page.jsx"
2026-01-06T22:56:19.229132Z  INFO scan_sources: tailwindcss_oxide::scanner: Discovering "C:\\Users\\TINGO-AI-010\\Documents\\Go-cycle\\app\\admin\\payments"
2026-01-06T22:56:19.229438Z  INFO scan_sources: tailwindcss_oxide::scanner: Discovering "C:\\Users\\TINGO-AI-010\\Documents\\Go-cycle\\app\\admin\\payments\\page.jsx"
2026-01-06T22:56:19.229757Z  INFO scan_sources: tailwindcss_oxide::scanner: Discovering "C:\\Users\\TINGO-AI-010\\Documents\\Go-cycle\\app\\admin\\products"
2026-01-06T22:56:19.230133Z  INFO scan_sources: tailwindcss_oxide::scanner: Discovering "C:\\Users\\TINGO-AI-010\\Documents\\Go-cycle\\app\\admin\\products\\page.jsx"
2026-01-06T22:56:19.230561Z  INFO scan_sources: tailwindcss_oxide::scanner: Discovering "C:\\Users\\TINGO-AI-010\\Documents\\Go-cycle\\app\\admin\\stores"
2026-01-06T22:56:19.231103Z  INFO scan_sources: tailwindcss_oxide::scanner: Discovering "C:\\Users\\TINGO-AI-010\\Documents\\Go-cycle\\app\\admin\\stores\\page.jsx"
2026-01-06T22:56:19.231594Z  INFO scan_sources: tailwindcss_oxide::scanner: Discovering "C:\\Users\\TINGO-AI-010\\Documents\\Go-cycle\\app\\admin\\users"
2026-01-06T22:56:19.232273Z  INFO scan_sources: tailwindcss_oxide::scanner: Discovering "C:\\Users\\TINGO-AI-010\\Documents\\Go-cycle\\app\\admin\\users\\page.jsx"
2026-01-06T22:56:19.233055Z  INFO scan_sources: tailwindcss_oxide::scanner: Discovering "C:\\Users\\TINGO-AI-010\\Documents\\Go-cycle\\app\\buyer"
2026-01-06T22:56:19.233699Z  INFO scan_sources: tailwindcss_oxide::scanner: Discovering "C:\\Users\\TINGO-AI-010\\Documents\\Go-cycle\\app\\buyer\\layout.jsx"
2026-01-06T22:56:19.234095Z  INFO scan_sources: tailwindcss_oxide::scanner: Discovering "C:\\Users\\TINGO-AI-010\\Documents\\Go-cycle\\app\\buyer\\orders"
2026-01-06T22:56:19.234602Z  INFO scan_sources: tailwindcss_oxide::scanner: Discovering "C:\\Users\\TINGO-AI-010\\Documents\\Go-cycle\\app\\buyer\\orders\\page.jsx"
2026-01-06T22:56:19.234825Z  INFO scan_sources: tailwindcss_oxide::scanner: Discovering "C:\\Users\\TINGO-AI-010\\Documents\\Go-cycle\\app\\buyer\\page.jsx"
2026-01-06T22:56:19.235095Z  INFO scan_sources: tailwindcss_oxide::scanner: Discovering "C:\\Users\\TINGO-AI-010\\Documents\\Go-cycle\\app\\buyer\\track"
2026-01-06T22:56:19.235554Z  INFO scan_sources: tailwindcss_oxide::scanner: Discovering "C:\\Users\\TINGO-AI-010\\Documents\\Go-cycle\\app\\buyer\\track\\[orderId]"
2026-01-06T22:56:19.235883Z  INFO scan_sources: tailwindcss_oxide::scanner: Discovering "C:\\Users\\TINGO-AI-010\\Documents\\Go-cycle\\app\\buyer\\track\\[orderId]\\page.jsx"
2026-01-06T22:56:19.236281Z  INFO scan_sources: tailwindcss_oxide::scanner: Discovering "C:\\Users\\TINGO-AI-010\\Documents\\Go-cycle\\app\\delivery"
2026-01-06T22:56:19.236570Z  INFO scan_sources: tailwindcss_oxide::scanner: Discovering "C:\\Users\\TINGO-AI-010\\Documents\\Go-cycle\\app\\delivery\\page.jsx"
2026-01-06T22:56:19.236816Z  INFO scan_sources: tailwindcss_oxide::scanner: Discovering "C:\\Users\\TINGO-AI-010\\Documents\\Go-cycle\\app\\globals.css"
2026-01-06T22:56:19.236964Z  INFO scan_sources: tailwindcss_oxide::scanner: Discovering "C:\\Users\\TINGO-AI-010\\Documents\\Go-cycle\\app\\layout.jsx"
2026-01-06T22:56:19.237616Z  INFO scan_sources: tailwindcss_oxide::scanner: Discovering "C:\\Users\\TINGO-AI-010\\Documents\\Go-cycle\\app\\notifications"
2026-01-06T22:56:19.238199Z  INFO scan_sources: tailwindcss_oxide::scanner: Discovering "C:\\Users\\TINGO-AI-010\\Documents\\Go-cycle\\app\\notifications\\page.jsx"
2026-01-06T22:56:19.238742Z  INFO scan_sources: tailwindcss_oxide::scanner: Discovering "C:\\Users\\TINGO-AI-010\\Documents\\Go-cycle\\app\\seller"
2026-01-06T22:56:19.239538Z  INFO scan_sources: tailwindcss_oxide::scanner: Discovering "C:\\Users\\TINGO-AI-010\\Documents\\Go-cycle\\app\\seller\\layout.jsx"
2026-01-06T22:56:19.240114Z  INFO scan_sources: tailwindcss_oxide::scanner: Discovering "C:\\Users\\TINGO-AI-010\\Documents\\Go-cycle\\app\\seller\\orders"
2026-01-06T22:56:19.241378Z  INFO scan_sources: tailwindcss_oxide::scanner: Discovering "C:\\Users\\TINGO-AI-010\\Documents\\Go-cycle\\app\\seller\\orders\\page.jsx"
2026-01-06T22:56:19.241878Z  INFO scan_sources: tailwindcss_oxide::scanner: Discovering "C:\\Users\\TINGO-AI-010\\Documents\\Go-cycle\\app\\seller\\page.jsx"
2026-01-06T22:56:19.242691Z  INFO scan_sources: tailwindcss_oxide::scanner: Discovering "C:\\Users\\TINGO-AI-010\\Documents\\Go-cycle\\app\\seller\\products"
2026-01-06T22:56:19.243156Z  INFO scan_sources: tailwindcss_oxide::scanner: Discovering "C:\\Users\\TINGO-AI-010\\Documents\\Go-cycle\\app\\seller\\products\\page.jsx"
2026-01-06T22:56:19.243741Z  INFO scan_sources: tailwindcss_oxide::scanner: Discovering "C:\\Users\\TINGO-AI-010\\Documents\\Go-cycle\\app\\store"
2026-01-06T22:56:19.244239Z  INFO scan_sources: tailwindcss_oxide::scanner: Discovering "C:\\Users\\TINGO-AI-010\\Documents\\Go-cycle\\app\\store\\add-product"
2026-01-06T22:56:19.244640Z  INFO scan_sources: tailwindcss_oxide::scanner: Discovering "C:\\Users\\TINGO-AI-010\\Documents\\Go-cycle\\app\\store\\add-product\\page.jsx"
2026-01-06T22:56:19.244999Z  INFO scan_sources: tailwindcss_oxide::scanner: Discovering "C:\\Users\\TINGO-AI-010\\Documents\\Go-cycle\\app\\store\\layout.jsx"
2026-01-06T22:56:19.245330Z  INFO scan_sources: tailwindcss_oxide::scanner: Discovering "C:\\Users\\TINGO-AI-010\\Documents\\Go-cycle\\app\\store\\manage-product"
2026-01-06T22:56:19.245660Z  INFO scan_sources: tailwindcss_oxide::scanner: Discovering "C:\\Users\\TINGO-AI-010\\Documents\\Go-cycle\\app\\store\\manage-product\\page.jsx"
2026-01-06T22:56:19.245982Z  INFO scan_sources: tailwindcss_oxide::scanner: Discovering "C:\\Users\\TINGO-AI-010\\Documents\\Go-cycle\\app\\store\\orders"
2026-01-06T22:56:19.246299Z  INFO scan_sources: tailwindcss_oxide::scanner: Discovering "C:\\Users\\TINGO-AI-010\\Documents\\Go-cycle\\app\\store\\orders\\page.jsx"
2026-01-06T22:56:19.246573Z  INFO scan_sources: tailwindcss_oxide::scanner: Discovering "C:\\Users\\TINGO-AI-010\\Documents\\Go-cycle\\app\\store\\page.jsx"
2026-01-06T22:56:19.246849Z  INFO scan_sources: tailwindcss_oxide::scanner: Discovering "C:\\Users\\TINGO-AI-010\\Documents\\Go-cycle\\app\\StoreProvider.js"
2026-01-06T22:56:19.247147Z  INFO scan_sources: tailwindcss_oxide::scanner: Discovering "C:\\Users\\TINGO-AI-010\\Documents\\Go-cycle\\assets"
2026-01-06T22:56:19.247458Z  INFO scan_sources: tailwindcss_oxide::scanner: Discovering "C:\\Users\\TINGO-AI-010\\Documents\\Go-cycle\\assets\\assets.js"
2026-01-06T22:56:19.247928Z  INFO scan_sources: tailwindcss_oxide::scanner: Discovering "C:\\Users\\TINGO-AI-010\\Documents\\Go-cycle\\assets\\upload_area.svg"
2026-01-06T22:56:19.248257Z  INFO scan_sources: tailwindcss_oxide::scanner: Discovering "C:\\Users\\TINGO-AI-010\\Documents\\Go-cycle\\backend"
2026-01-06T22:56:19.248742Z  INFO scan_sources: tailwindcss_oxide::scanner: Discovering "C:\\Users\\TINGO-AI-010\\Documents\\Go-cycle\\backend\\actions"
2026-01-06T22:56:19.249292Z  INFO scan_sources: tailwindcss_oxide::scanner: Discovering "C:\\Users\\TINGO-AI-010\\Documents\\Go-cycle\\backend\\actions\\admin.js"
2026-01-06T22:56:19.249545Z  INFO scan_sources: tailwindcss_oxide::scanner: Discovering "C:\\Users\\TINGO-AI-010\\Documents\\Go-cycle\\backend\\actions\\auth.js"
2026-01-06T22:56:19.250136Z  INFO scan_sources: tailwindcss_oxide::scanner: Discovering "C:\\Users\\TINGO-AI-010\\Documents\\Go-cycle\\backend\\actions\\seller.js"
2026-01-06T22:56:19.250510Z  INFO scan_sources: tailwindcss_oxide::scanner: Discovering "C:\\Users\\TINGO-AI-010\\Documents\\Go-cycle\\backend\\lib"
2026-01-06T22:56:19.250806Z  INFO scan_sources: tailwindcss_oxide::scanner: Discovering "C:\\Users\\TINGO-AI-010\\Documents\\Go-cycle\\backend\\lib\\prisma.js"
2026-01-06T22:56:19.251119Z  INFO scan_sources: tailwindcss_oxide::scanner: Discovering "C:\\Users\\TINGO-AI-010\\Documents\\Go-cycle\\CODE_OF_CONDUCT.md"
2026-01-06T22:56:19.251425Z  INFO scan_sources: tailwindcss_oxide::scanner: Discovering "C:\\Users\\TINGO-AI-010\\Documents\\Go-cycle\\components"
2026-01-06T22:56:19.251819Z  INFO scan_sources: tailwindcss_oxide::scanner: Discovering "C:\\Users\\TINGO-AI-010\\Documents\\Go-cycle\\components\\AddressModal.jsx"
2026-01-06T22:56:19.252132Z  INFO scan_sources: tailwindcss_oxide::scanner: Discovering "C:\\Users\\TINGO-AI-010\\Documents\\Go-cycle\\components\\admin"
2026-01-06T22:56:19.252437Z  INFO scan_sources: tailwindcss_oxide::scanner: Discovering "C:\\Users\\TINGO-AI-010\\Documents\\Go-cycle\\components\\admin\\AdminLayout.jsx"
2026-01-06T22:56:19.252619Z  INFO scan_sources: tailwindcss_oxide::scanner: Discovering "C:\\Users\\TINGO-AI-010\\Documents\\Go-cycle\\components\\admin\\AdminNavbar.jsx"
2026-01-06T22:56:19.252801Z  INFO scan_sources: tailwindcss_oxide::scanner: Discovering "C:\\Users\\TINGO-AI-010\\Documents\\Go-cycle\\components\\admin\\AdminSidebar.jsx"
2026-01-06T22:56:19.252987Z  INFO scan_sources: tailwindcss_oxide::scanner: Discovering "C:\\Users\\TINGO-AI-010\\Documents\\Go-cycle\\components\\admin\\StoreInfo.jsx"
2026-01-06T22:56:19.253251Z  INFO scan_sources: tailwindcss_oxide::scanner: Discovering "C:\\Users\\TINGO-AI-010\\Documents\\Go-cycle\\components\\Banner.jsx"
2026-01-06T22:56:19.254160Z  INFO scan_sources: tailwindcss_oxide::scanner: Discovering "C:\\Users\\TINGO-AI-010\\Documents\\Go-cycle\\components\\BestSelling.jsx"
2026-01-06T22:56:19.254526Z  INFO scan_sources: tailwindcss_oxide::scanner: Discovering "C:\\Users\\TINGO-AI-010\\Documents\\Go-cycle\\components\\Button.jsx"
2026-01-06T22:56:19.255020Z  INFO scan_sources: tailwindcss_oxide::scanner: Discovering "C:\\Users\\TINGO-AI-010\\Documents\\Go-cycle\\components\\CategoriesMarquee.jsx"
2026-01-06T22:56:19.255691Z  INFO scan_sources: tailwindcss_oxide::scanner: Discovering "C:\\Users\\TINGO-AI-010\\Documents\\Go-cycle\\components\\CheckoutModal.jsx"
2026-01-06T22:56:19.256197Z  INFO scan_sources: tailwindcss_oxide::scanner: Discovering "C:\\Users\\TINGO-AI-010\\Documents\\Go-cycle\\components\\Counter.jsx"
2026-01-06T22:56:19.257284Z  INFO scan_sources: tailwindcss_oxide::scanner: Discovering "C:\\Users\\TINGO-AI-010\\Documents\\Go-cycle\\components\\Footer.jsx"
2026-01-06T22:56:19.257629Z  INFO scan_sources: tailwindcss_oxide::scanner: Discovering "C:\\Users\\TINGO-AI-010\\Documents\\Go-cycle\\components\\GlobalLoader.jsx"
2026-01-06T22:56:19.257885Z  INFO scan_sources: tailwindcss_oxide::scanner: Discovering "C:\\Users\\TINGO-AI-010\\Documents\\Go-cycle\\components\\Hero.jsx"
2026-01-06T22:56:19.258173Z  INFO scan_sources: tailwindcss_oxide::scanner: Discovering "C:\\Users\\TINGO-AI-010\\Documents\\Go-cycle\\components\\LatestProducts.jsx"
2026-01-06T22:56:19.258390Z  INFO scan_sources: tailwindcss_oxide::scanner: Discovering "C:\\Users\\TINGO-AI-010\\Documents\\Go-cycle\\components\\Loading.jsx"
2026-01-06T22:56:19.258577Z  INFO scan_sources: tailwindcss_oxide::scanner: Discovering "C:\\Users\\TINGO-AI-010\\Documents\\Go-cycle\\components\\Navbar.jsx"
2026-01-06T22:56:19.258854Z  INFO scan_sources: tailwindcss_oxide::scanner: Discovering "C:\\Users\\TINGO-AI-010\\Documents\\Go-cycle\\components\\Newsletter.jsx"
2026-01-06T22:56:19.259098Z  INFO scan_sources: tailwindcss_oxide::scanner: Discovering "C:\\Users\\TINGO-AI-010\\Documents\\Go-cycle\\components\\OrderItem.jsx"
2026-01-06T22:56:19.259416Z  INFO scan_sources: tailwindcss_oxide::scanner: Discovering "C:\\Users\\TINGO-AI-010\\Documents\\Go-cycle\\components\\OrdersAreaChart.jsx"
2026-01-06T22:56:19.259657Z  INFO scan_sources: tailwindcss_oxide::scanner: Discovering "C:\\Users\\TINGO-AI-010\\Documents\\Go-cycle\\components\\OrderSummary.jsx"
2026-01-06T22:56:19.259840Z  INFO scan_sources: tailwindcss_oxide::scanner: Discovering "C:\\Users\\TINGO-AI-010\\Documents\\Go-cycle\\components\\OurSpec.jsx"
2026-01-06T22:56:19.260103Z  INFO scan_sources: tailwindcss_oxide::scanner: Discovering "C:\\Users\\TINGO-AI-010\\Documents\\Go-cycle\\components\\PageTitle.jsx"
2026-01-06T22:56:19.260364Z  INFO scan_sources: tailwindcss_oxide::scanner: Discovering "C:\\Users\\TINGO-AI-010\\Documents\\Go-cycle\\components\\ProductCard.jsx"
2026-01-06T22:56:19.260595Z  INFO scan_sources: tailwindcss_oxide::scanner: Discovering "C:\\Users\\TINGO-AI-010\\Documents\\Go-cycle\\components\\ProductDescription.jsx"
2026-01-06T22:56:19.260792Z  INFO scan_sources: tailwindcss_oxide::scanner: Discovering "C:\\Users\\TINGO-AI-010\\Documents\\Go-cycle\\components\\ProductDetails.jsx"
2026-01-06T22:56:19.261032Z  INFO scan_sources: tailwindcss_oxide::scanner: Discovering "C:\\Users\\TINGO-AI-010\\Documents\\Go-cycle\\components\\Rating.jsx"
2026-01-06T22:56:19.261262Z  INFO scan_sources: tailwindcss_oxide::scanner: Discovering "C:\\Users\\TINGO-AI-010\\Documents\\Go-cycle\\components\\RatingModal.jsx"
2026-01-06T22:56:19.262022Z  INFO scan_sources: tailwindcss_oxide::scanner: Discovering "C:\\Users\\TINGO-AI-010\\Documents\\Go-cycle\\components\\Skeleton.jsx"
2026-01-06T22:56:19.262577Z  INFO scan_sources: tailwindcss_oxide::scanner: Discovering "C:\\Users\\TINGO-AI-010\\Documents\\Go-cycle\\components\\store"
2026-01-06T22:56:19.263072Z  INFO scan_sources: tailwindcss_oxide::scanner: Discovering "C:\\Users\\TINGO-AI-010\\Documents\\Go-cycle\\components\\store\\StoreLayout.jsx"
2026-01-06T22:56:19.263366Z  INFO scan_sources: tailwindcss_oxide::scanner: Discovering "C:\\Users\\TINGO-AI-010\\Documents\\Go-cycle\\components\\store\\StoreNavbar.jsx"
2026-01-06T22:56:19.263589Z  INFO scan_sources: tailwindcss_oxide::scanner: Discovering "C:\\Users\\TINGO-AI-010\\Documents\\Go-cycle\\components\\store\\StoreSidebar.jsx"
2026-01-06T22:56:19.263908Z  INFO scan_sources: tailwindcss_oxide::scanner: Discovering "C:\\Users\\TINGO-AI-010\\Documents\\Go-cycle\\components\\Title.jsx"
2026-01-06T22:56:19.264150Z  INFO scan_sources: tailwindcss_oxide::scanner: Discovering "C:\\Users\\TINGO-AI-010\\Documents\\Go-cycle\\CONTRIBUTING.md"
2026-01-06T22:56:19.264359Z  INFO scan_sources: tailwindcss_oxide::scanner: Discovering "C:\\Users\\TINGO-AI-010\\Documents\\Go-cycle\\jsconfig.json"
2026-01-06T22:56:19.264615Z  INFO scan_sources: tailwindcss_oxide::scanner: Discovering "C:\\Users\\TINGO-AI-010\\Documents\\Go-cycle\\lib"
2026-01-06T22:56:19.265052Z  INFO scan_sources: tailwindcss_oxide::scanner: Discovering "C:\\Users\\TINGO-AI-010\\Documents\\Go-cycle\\lib\\features"
2026-01-06T22:56:19.265434Z  INFO scan_sources: tailwindcss_oxide::scanner: Discovering "C:\\Users\\TINGO-AI-010\\Documents\\Go-cycle\\lib\\features\\address"
2026-01-06T22:56:19.265724Z  INFO scan_sources: tailwindcss_oxide::scanner: Discovering "C:\\Users\\TINGO-AI-010\\Documents\\Go-cycle\\lib\\features\\address\\addressSlice.js"
2026-01-06T22:56:19.266025Z  INFO scan_sources: tailwindcss_oxide::scanner: Discovering "C:\\Users\\TINGO-AI-010\\Documents\\Go-cycle\\lib\\features\\auth"
2026-01-06T22:56:19.266303Z  INFO scan_sources: tailwindcss_oxide::scanner: Discovering "C:\\Users\\TINGO-AI-010\\Documents\\Go-cycle\\lib\\features\\auth\\authSlice.js"
2026-01-06T22:56:19.266575Z  INFO scan_sources: tailwindcss_oxide::scanner: Discovering "C:\\Users\\TINGO-AI-010\\Documents\\Go-cycle\\lib\\features\\cart"
2026-01-06T22:56:19.267008Z  INFO scan_sources: tailwindcss_oxide::scanner: Discovering "C:\\Users\\TINGO-AI-010\\Documents\\Go-cycle\\lib\\features\\cart\\cartSlice.js"
2026-01-06T22:56:19.267377Z  INFO scan_sources: tailwindcss_oxide::scanner: Discovering "C:\\Users\\TINGO-AI-010\\Documents\\Go-cycle\\lib\\features\\notification"
2026-01-06T22:56:19.267728Z  INFO scan_sources: tailwindcss_oxide::scanner: Discovering "C:\\Users\\TINGO-AI-010\\Documents\\Go-cycle\\lib\\features\\notification\\notificationSlice.js"
2026-01-06T22:56:19.268199Z  INFO scan_sources: tailwindcss_oxide::scanner: Discovering "C:\\Users\\TINGO-AI-010\\Documents\\Go-cycle\\lib\\features\\product"
2026-01-06T22:56:19.268623Z  INFO scan_sources: tailwindcss_oxide::scanner: Discovering "C:\\Users\\TINGO-AI-010\\Documents\\Go-cycle\\lib\\features\\product\\productSlice.js"
2026-01-06T22:56:19.269033Z  INFO scan_sources: tailwindcss_oxide::scanner: Discovering "C:\\Users\\TINGO-AI-010\\Documents\\Go-cycle\\lib\\features\\rating"
2026-01-06T22:56:19.269453Z  INFO scan_sources: tailwindcss_oxide::scanner: Discovering "C:\\Users\\TINGO-AI-010\\Documents\\Go-cycle\\lib\\features\\rating\\ratingSlice.js"
2026-01-06T22:56:19.269879Z  INFO scan_sources: tailwindcss_oxide::scanner: Discovering "C:\\Users\\TINGO-AI-010\\Documents\\Go-cycle\\lib\\features\\ui"
2026-01-06T22:56:19.270352Z  INFO scan_sources: tailwindcss_oxide::scanner: Discovering "C:\\Users\\TINGO-AI-010\\Documents\\Go-cycle\\lib\\features\\ui\\uiSlice.js"
2026-01-06T22:56:19.270893Z  INFO scan_sources: tailwindcss_oxide::scanner: Discovering "C:\\Users\\TINGO-AI-010\\Documents\\Go-cycle\\lib\\store.js"
2026-01-06T22:56:19.271361Z  INFO scan_sources: tailwindcss_oxide::scanner: Discovering "C:\\Users\\TINGO-AI-010\\Documents\\Go-cycle\\LICENSE.md"
2026-01-06T22:56:19.271821Z  INFO scan_sources: tailwindcss_oxide::scanner: Discovering "C:\\Users\\TINGO-AI-010\\Documents\\Go-cycle\\next.config.mjs"
2026-01-06T22:56:19.272768Z  INFO scan_sources: tailwindcss_oxide::scanner: Discovering "C:\\Users\\TINGO-AI-010\\Documents\\Go-cycle\\package.json"
2026-01-06T22:56:19.272938Z  INFO scan_sources: tailwindcss_oxide::scanner: Discovering "C:\\Users\\TINGO-AI-010\\Documents\\Go-cycle\\postcss.config.mjs"
2026-01-06T22:56:19.273257Z  INFO scan_sources: tailwindcss_oxide::scanner: Discovering "C:\\Users\\TINGO-AI-010\\Documents\\Go-cycle\\prisma"
2026-01-06T22:56:19.273582Z  INFO scan_sources: tailwindcss_oxide::scanner: Discovering "C:\\Users\\TINGO-AI-010\\Documents\\Go-cycle\\prisma\\schema.prisma"
2026-01-06T22:56:19.273860Z  INFO scan_sources: tailwindcss_oxide::scanner: Discovering "C:\\Users\\TINGO-AI-010\\Documents\\Go-cycle\\README.md"
2026-01-06T22:56:19.274184Z  INFO scan_sources: tailwindcss_oxide::scanner: Discovering "C:\\Users\\TINGO-AI-010\\Documents\\Go-cycle\\scripts"
2026-01-06T22:56:19.274502Z  INFO scan_sources: tailwindcss_oxide::scanner: Discovering "C:\\Users\\TINGO-AI-010\\Documents\\Go-cycle\\scripts\\create-admin.js"
2026-01-06T22:56:19.275340Z  INFO scan_sources: tailwindcss_oxide::scanner: Discovering "C:\\Users\\TINGO-AI-010\\Documents\\Go-cycle\\scripts\\create-admin.mjs"
2026-01-06T22:56:19.275711Z  INFO scan_sources: tailwindcss_oxide::scanner: Discovering "C:\\Users\\TINGO-AI-010\\Documents\\Go-cycle\\scripts\\create-admin.sql"
2026-01-06T22:56:19.276052Z  INFO scan_sources: tailwindcss_oxide::scanner: Discovering "C:\\Users\\TINGO-AI-010\\Documents\\Go-cycle\\scripts\\schema.sql"
2026-01-06T22:56:19.276269Z  INFO scan_sources: tailwindcss_oxide::scanner: Discovering "C:\\Users\\TINGO-AI-010\\Documents\\Go-cycle\\scripts\\setup-db.mjs"
2026-01-06T22:56:19.276882Z  INFO scan_sources: tailwindcss_oxide::scanner: Discovering "C:\\Users\\TINGO-AI-010\\Documents\\Go-cycle\\scripts\\test-db.js"
2026-01-06T22:56:19.277105Z  INFO scan_sources: tailwindcss_oxide::scanner: Discovering "C:\\Users\\TINGO-AI-010\\Documents\\Go-cycle\\scripts\\verify-db.js"
2026-01-06T22:56:19.277594Z  INFO scan_sources: tailwindcss_oxide::scanner: Discovering "C:\\Users\\TINGO-AI-010\\Documents\\Go-cycle\\temp_env.txt"
2026-01-06T22:56:19.277900Z  INFO scan_sources: tailwindcss_oxide::scanner: exit
2026-01-06T22:56:19.277934Z  INFO extract_candidates: tailwindcss_oxide::scanner: enter
2026-01-06T22:56:19.277957Z  INFO extract_candidates:read_all_files: tailwindcss_oxide::scanner: enter
2026-01-06T22:56:19.277974Z  INFO extract_candidates:read_all_files: tailwindcss_oxide::scanner: Reading 104 file(s)
2026-01-06T22:56:19.280177Z  INFO tailwindcss_oxide::scanner: Reading "C:\\Users\\TINGO-AI-010\\Documents\\Go-cycle\\app\\(public)\\layout.jsx"
2026-01-06T22:56:19.280438Z  INFO tailwindcss_oxide::scanner: Reading "C:\\Users\\TINGO-AI-010\\Documents\\Go-cycle\\.env.example"
2026-01-06T22:56:19.280436Z  INFO tailwindcss_oxide::scanner: Reading "C:\\Users\\TINGO-AI-010\\Documents\\Go-cycle\\app\\admin\\approve\\page.jsx"
2026-01-06T22:56:19.280525Z  INFO tailwindcss_oxide::scanner: Reading "C:\\Users\\TINGO-AI-010\\Documents\\Go-cycle\\app\\(public)\\orders\\page.jsx"
2026-01-06T22:56:19.280566Z  INFO tailwindcss_oxide::scanner: Reading "C:\\Users\\TINGO-AI-010\\Documents\\Go-cycle\\app\\buyer\\track\\[orderId]\\page.jsx"
2026-01-06T22:56:19.280576Z  INFO tailwindcss_oxide::scanner: Reading "C:\\Users\\TINGO-AI-010\\Documents\\Go-cycle\\components\\Banner.jsx"
2026-01-06T22:56:19.280509Z  INFO tailwindcss_oxide::scanner: Reading "C:\\Users\\TINGO-AI-010\\Documents\\Go-cycle\\app\\(public)\\product\\[productId]\\page.jsx"
2026-01-06T22:56:19.280619Z  INFO tailwindcss_oxide::scanner: Reading "C:\\Users\\TINGO-AI-010\\Documents\\Go-cycle\\app\\(public)\\loading\\page.jsx"
2026-01-06T22:56:19.280457Z  INFO tailwindcss_oxide::scanner: Reading "C:\\Users\\TINGO-AI-010\\Documents\\Go-cycle\\app\\(public)\\cart\\page.jsx"
2026-01-06T22:56:19.280732Z  INFO tailwindcss_oxide::scanner: Reading "C:\\Users\\TINGO-AI-010\\Documents\\Go-cycle\\app\\StoreProvider.js"
2026-01-06T22:56:19.280783Z  INFO tailwindcss_oxide::scanner: Reading "C:\\Users\\TINGO-AI-010\\Documents\\Go-cycle\\app\\(public)\\page.jsx"
2026-01-06T22:56:19.280937Z  INFO tailwindcss_oxide::scanner: Reading "C:\\Users\\TINGO-AI-010\\Documents\\Go-cycle\\components\\BestSelling.jsx"
2026-01-06T22:56:19.280953Z  INFO tailwindcss_oxide::scanner: Reading "C:\\Users\\TINGO-AI-010\\Documents\\Go-cycle\\assets\\assets.js"
2026-01-06T22:56:19.281039Z  INFO tailwindcss_oxide::scanner: Reading "C:\\Users\\TINGO-AI-010\\Documents\\Go-cycle\\app\\admin\\coupons\\page.jsx"
2026-01-06T22:56:19.281077Z  INFO tailwindcss_oxide::scanner: Reading "C:\\Users\\TINGO-AI-010\\Documents\\Go-cycle\\app\\delivery\\page.jsx"
2026-01-06T22:56:19.281119Z  INFO tailwindcss_oxide::scanner: Reading "C:\\Users\\TINGO-AI-010\\Documents\\Go-cycle\\app\\(public)\\pricing\\page.jsx"
2026-01-06T22:56:19.281097Z  INFO tailwindcss_oxide::scanner: Reading "C:\\Users\\TINGO-AI-010\\Documents\\Go-cycle\\app\\(public)\\login\\page.jsx"
2026-01-06T22:56:19.281164Z  INFO tailwindcss_oxide::scanner: Reading "C:\\Users\\TINGO-AI-010\\Documents\\Go-cycle\\assets\\upload_area.svg"
2026-01-06T22:56:19.281168Z  INFO tailwindcss_oxide::scanner: Reading "C:\\Users\\TINGO-AI-010\\Documents\\Go-cycle\\app\\(public)\\shop\\page.jsx"
2026-01-06T22:56:19.281248Z  INFO tailwindcss_oxide::scanner: Reading "C:\\Users\\TINGO-AI-010\\Documents\\Go-cycle\\app\\(public)\\create-store\\page.jsx"
2026-01-06T22:56:19.281303Z  INFO tailwindcss_oxide::scanner: Reading "C:\\Users\\TINGO-AI-010\\Documents\\Go-cycle\\app\\layout.jsx"
2026-01-06T22:56:19.281351Z  INFO tailwindcss_oxide::scanner: Reading "C:\\Users\\TINGO-AI-010\\Documents\\Go-cycle\\app\\admin\\layout.jsx"
2026-01-06T22:56:19.281514Z  INFO tailwindcss_oxide::scanner: Reading "C:\\Users\\TINGO-AI-010\\Documents\\Go-cycle\\components\\Button.jsx"
2026-01-06T22:56:19.281564Z  INFO tailwindcss_oxide::scanner: Reading "C:\\Users\\TINGO-AI-010\\Documents\\Go-cycle\\app\\seller\\page.jsx"
2026-01-06T22:56:19.281644Z  INFO tailwindcss_oxide::scanner: Reading "C:\\Users\\TINGO-AI-010\\Documents\\Go-cycle\\backend\\actions\\admin.js"
2026-01-06T22:56:19.281719Z  INFO tailwindcss_oxide::scanner: Reading "C:\\Users\\TINGO-AI-010\\Documents\\Go-cycle\\app\\(public)\\shop\\[username]\\page.jsx"
2026-01-06T22:56:19.281760Z  INFO tailwindcss_oxide::scanner: Reading "C:\\Users\\TINGO-AI-010\\Documents\\Go-cycle\\app\\admin\\notifications\\page.jsx"
2026-01-06T22:56:19.281808Z  INFO tailwindcss_oxide::scanner: Reading "C:\\Users\\TINGO-AI-010\\Documents\\Go-cycle\\app\\notifications\\page.jsx"
2026-01-06T22:56:19.281828Z  INFO tailwindcss_oxide::scanner: Reading "C:\\Users\\TINGO-AI-010\\Documents\\Go-cycle\\components\\store\\StoreSidebar.jsx"
2026-01-06T22:56:19.281829Z  INFO tailwindcss_oxide::scanner: Reading "C:\\Users\\TINGO-AI-010\\Documents\\Go-cycle\\app\\admin\\payments\\page.jsx"
2026-01-06T22:56:19.281935Z  INFO tailwindcss_oxide::scanner: Reading "C:\\Users\\TINGO-AI-010\\Documents\\Go-cycle\\app\\(public)\\signup\\page.jsx"
2026-01-06T22:56:19.282080Z  INFO tailwindcss_oxide::scanner: Reading "C:\\Users\\TINGO-AI-010\\Documents\\Go-cycle\\backend\\actions\\auth.js"
2026-01-06T22:56:19.282095Z  INFO tailwindcss_oxide::scanner: Reading "C:\\Users\\TINGO-AI-010\\Documents\\Go-cycle\\components\\CategoriesMarquee.jsx"
2026-01-06T22:56:19.282095Z  INFO tailwindcss_oxide::scanner: Reading "C:\\Users\\TINGO-AI-010\\Documents\\Go-cycle\\app\\seller\\products\\page.jsx"
2026-01-06T22:56:19.282202Z  INFO tailwindcss_oxide::scanner: Reading "C:\\Users\\TINGO-AI-010\\Documents\\Go-cycle\\app\\seller\\layout.jsx"
2026-01-06T22:56:19.282247Z  INFO tailwindcss_oxide::scanner: Reading "C:\\Users\\TINGO-AI-010\\Documents\\Go-cycle\\app\\admin\\products\\page.jsx"
2026-01-06T22:56:19.282259Z  INFO tailwindcss_oxide::scanner: Reading "C:\\Users\\TINGO-AI-010\\Documents\\Go-cycle\\app\\admin\\orders\\page.jsx"
2026-01-06T22:56:19.282341Z  INFO tailwindcss_oxide::scanner: Reading "C:\\Users\\TINGO-AI-010\\Documents\\Go-cycle\\app\\seller\\orders\\page.jsx"
2026-01-06T22:56:19.282445Z  INFO tailwindcss_oxide::scanner: Reading "C:\\Users\\TINGO-AI-010\\Documents\\Go-cycle\\components\\Title.jsx"
2026-01-06T22:56:19.282615Z  INFO tailwindcss_oxide::scanner: Reading "C:\\Users\\TINGO-AI-010\\Documents\\Go-cycle\\components\\CheckoutModal.jsx"
2026-01-06T22:56:19.282665Z  INFO tailwindcss_oxide::scanner: Reading "C:\\Users\\TINGO-AI-010\\Documents\\Go-cycle\\app\\store\\layout.jsx"
2026-01-06T22:56:19.282735Z  INFO tailwindcss_oxide::scanner: Reading "C:\\Users\\TINGO-AI-010\\Documents\\Go-cycle\\app\\admin\\stores\\page.jsx"
2026-01-06T22:56:19.282739Z  INFO tailwindcss_oxide::scanner: Reading "C:\\Users\\TINGO-AI-010\\Documents\\Go-cycle\\app\\store\\add-product\\page.jsx"
2026-01-06T22:56:19.282764Z  INFO tailwindcss_oxide::scanner: Reading "C:\\Users\\TINGO-AI-010\\Documents\\Go-cycle\\app\\admin\\page.jsx"
2026-01-06T22:56:19.282857Z  INFO tailwindcss_oxide::scanner: Reading "C:\\Users\\TINGO-AI-010\\Documents\\Go-cycle\\components\\Counter.jsx"
2026-01-06T22:56:19.282985Z  INFO tailwindcss_oxide::scanner: Reading "C:\\Users\\TINGO-AI-010\\Documents\\Go-cycle\\backend\\actions\\seller.js"
2026-01-06T22:56:19.283135Z  INFO tailwindcss_oxide::scanner: Reading "C:\\Users\\TINGO-AI-010\\Documents\\Go-cycle\\next.config.mjs"
2026-01-06T22:56:19.283181Z  INFO tailwindcss_oxide::scanner: Reading "C:\\Users\\TINGO-AI-010\\Documents\\Go-cycle\\CONTRIBUTING.md"
2026-01-06T22:56:19.283242Z  INFO tailwindcss_oxide::scanner: Reading "C:\\Users\\TINGO-AI-010\\Documents\\Go-cycle\\app\\store\\orders\\page.jsx"
2026-01-06T22:56:19.283442Z  INFO tailwindcss_oxide::scanner: Reading "C:\\Users\\TINGO-AI-010\\Documents\\Go-cycle\\backend\\lib\\prisma.js"
2026-01-06T22:56:19.283701Z  INFO tailwindcss_oxide::scanner: Reading "C:\\Users\\TINGO-AI-010\\Documents\\Go-cycle\\app\\store\\manage-product\\page.jsx"
2026-01-06T22:56:19.283733Z  INFO tailwindcss_oxide::scanner: Reading "C:\\Users\\TINGO-AI-010\\Documents\\Go-cycle\\package.json"
2026-01-06T22:56:19.283832Z  INFO tailwindcss_oxide::scanner: Reading "C:\\Users\\TINGO-AI-010\\Documents\\Go-cycle\\jsconfig.json"
2026-01-06T22:56:19.283859Z  INFO tailwindcss_oxide::scanner: Reading "C:\\Users\\TINGO-AI-010\\Documents\\Go-cycle\\lib\\features\\cart\\cartSlice.js"
2026-01-06T22:56:19.283930Z  INFO tailwindcss_oxide::scanner: Reading "C:\\Users\\TINGO-AI-010\\Documents\\Go-cycle\\postcss.config.mjs"
2026-01-06T22:56:19.283930Z  INFO tailwindcss_oxide::scanner: Reading "C:\\Users\\TINGO-AI-010\\Documents\\Go-cycle\\components\\admin\\AdminLayout.jsx"
2026-01-06T22:56:19.284016Z  INFO tailwindcss_oxide::scanner: Reading "C:\\Users\\TINGO-AI-010\\Documents\\Go-cycle\\lib\\features\\address\\addressSlice.js"
2026-01-06T22:56:19.284079Z  INFO tailwindcss_oxide::scanner: Reading "C:\\Users\\TINGO-AI-010\\Documents\\Go-cycle\\app\\store\\page.jsx"
2026-01-06T22:56:19.284148Z  INFO tailwindcss_oxide::scanner: Reading "C:\\Users\\TINGO-AI-010\\Documents\\Go-cycle\\CODE_OF_CONDUCT.md"
2026-01-06T22:56:19.284154Z  INFO tailwindcss_oxide::scanner: Reading "C:\\Users\\TINGO-AI-010\\Documents\\Go-cycle\\lib\\features\\notification\\notificationSlice.js"
2026-01-06T22:56:19.284214Z  INFO tailwindcss_oxide::scanner: Reading "C:\\Users\\TINGO-AI-010\\Documents\\Go-cycle\\lib\\features\\auth\\authSlice.js"
2026-01-06T22:56:19.284403Z  INFO tailwindcss_oxide::scanner: Reading "C:\\Users\\TINGO-AI-010\\Documents\\Go-cycle\\lib\\features\\product\\productSlice.js"
2026-01-06T22:56:19.284620Z  INFO tailwindcss_oxide::scanner: Reading "C:\\Users\\TINGO-AI-010\\Documents\\Go-cycle\\components\\OrderItem.jsx"
2026-01-06T22:56:19.284674Z  INFO tailwindcss_oxide::scanner: Reading "C:\\Users\\TINGO-AI-010\\Documents\\Go-cycle\\components\\AddressModal.jsx"
2026-01-06T22:56:19.284694Z  INFO tailwindcss_oxide::scanner: Reading "C:\\Users\\TINGO-AI-010\\Documents\\Go-cycle\\lib\\features\\rating\\ratingSlice.js"
2026-01-06T22:56:19.284628Z  INFO tailwindcss_oxide::scanner: Reading "C:\\Users\\TINGO-AI-010\\Documents\\Go-cycle\\components\\admin\\AdminNavbar.jsx"
2026-01-06T22:56:19.284620Z  INFO tailwindcss_oxide::scanner: Reading "C:\\Users\\TINGO-AI-010\\Documents\\Go-cycle\\prisma\\schema.prisma"
2026-01-06T22:56:19.284693Z  INFO tailwindcss_oxide::scanner: Reading "C:\\Users\\TINGO-AI-010\\Documents\\Go-cycle\\app\\admin\\users\\page.jsx"
2026-01-06T22:56:19.284632Z  INFO tailwindcss_oxide::scanner: Reading "C:\\Users\\TINGO-AI-010\\Documents\\Go-cycle\\components\\admin\\AdminSidebar.jsx"
2026-01-06T22:56:19.284883Z  INFO tailwindcss_oxide::scanner: Reading "C:\\Users\\TINGO-AI-010\\Documents\\Go-cycle\\lib\\features\\ui\\uiSlice.js"
2026-01-06T22:56:19.285077Z  INFO tailwindcss_oxide::scanner: Reading "C:\\Users\\TINGO-AI-010\\Documents\\Go-cycle\\components\\admin\\StoreInfo.jsx"
2026-01-06T22:56:19.285143Z  INFO tailwindcss_oxide::scanner: Reading "C:\\Users\\TINGO-AI-010\\Documents\\Go-cycle\\lib\\store.js"
2026-01-06T22:56:19.285150Z  INFO tailwindcss_oxide::scanner: Reading "C:\\Users\\TINGO-AI-010\\Documents\\Go-cycle\\components\\Footer.jsx"
2026-01-06T22:56:19.285177Z  INFO tailwindcss_oxide::scanner: Reading "C:\\Users\\TINGO-AI-010\\Documents\\Go-cycle\\components\\OrdersAreaChart.jsx"
2026-01-06T22:56:19.285235Z  INFO tailwindcss_oxide::scanner: Reading "C:\\Users\\TINGO-AI-010\\Documents\\Go-cycle\\app\\buyer\\orders\\page.jsx"
2026-01-06T22:56:19.285234Z  INFO tailwindcss_oxide::scanner: Reading "C:\\Users\\TINGO-AI-010\\Documents\\Go-cycle\\components\\LatestProducts.jsx"
2026-01-06T22:56:19.285325Z  INFO tailwindcss_oxide::scanner: Reading "C:\\Users\\TINGO-AI-010\\Documents\\Go-cycle\\components\\GlobalLoader.jsx"
2026-01-06T22:56:19.285367Z  INFO tailwindcss_oxide::scanner: Reading "C:\\Users\\TINGO-AI-010\\Documents\\Go-cycle\\README.md"
2026-01-06T22:56:19.285440Z  INFO tailwindcss_oxide::scanner: Reading "C:\\Users\\TINGO-AI-010\\Documents\\Go-cycle\\components\\Loading.jsx"
2026-01-06T22:56:19.285469Z  INFO tailwindcss_oxide::scanner: Reading "C:\\Users\\TINGO-AI-010\\Documents\\Go-cycle\\app\\buyer\\layout.jsx"
2026-01-06T22:56:19.285608Z  INFO tailwindcss_oxide::scanner: Reading "C:\\Users\\TINGO-AI-010\\Documents\\Go-cycle\\components\\OrderSummary.jsx"
2026-01-06T22:56:19.285608Z  INFO tailwindcss_oxide::scanner: Reading "C:\\Users\\TINGO-AI-010\\Documents\\Go-cycle\\components\\ProductDescription.jsx"
2026-01-06T22:56:19.285657Z  INFO tailwindcss_oxide::scanner: Reading "C:\\Users\\TINGO-AI-010\\Documents\\Go-cycle\\LICENSE.md"
2026-01-06T22:56:19.285743Z  INFO tailwindcss_oxide::scanner: Reading "C:\\Users\\TINGO-AI-010\\Documents\\Go-cycle\\app\\buyer\\page.jsx"
2026-01-06T22:56:19.285890Z  INFO tailwindcss_oxide::scanner: Reading "C:\\Users\\TINGO-AI-010\\Documents\\Go-cycle\\components\\Navbar.jsx"
2026-01-06T22:56:19.285918Z  INFO tailwindcss_oxide::scanner: Reading "C:\\Users\\TINGO-AI-010\\Documents\\Go-cycle\\scripts\\create-admin.js"
2026-01-06T22:56:19.286075Z  INFO tailwindcss_oxide::scanner: Reading "C:\\Users\\TINGO-AI-010\\Documents\\Go-cycle\\components\\OurSpec.jsx"
2026-01-06T22:56:19.286127Z  INFO tailwindcss_oxide::scanner: Reading "C:\\Users\\TINGO-AI-010\\Documents\\Go-cycle\\components\\ProductDetails.jsx"
2026-01-06T22:56:19.286227Z  INFO tailwindcss_oxide::scanner: Reading "C:\\Users\\TINGO-AI-010\\Documents\\Go-cycle\\scripts\\create-admin.mjs"
2026-01-06T22:56:19.286297Z  INFO tailwindcss_oxide::scanner: Reading "C:\\Users\\TINGO-AI-010\\Documents\\Go-cycle\\components\\Hero.jsx"
2026-01-06T22:56:19.286346Z  INFO tailwindcss_oxide::scanner: Reading "C:\\Users\\TINGO-AI-010\\Documents\\Go-cycle\\components\\Newsletter.jsx"
2026-01-06T22:56:19.286429Z  INFO tailwindcss_oxide::scanner: Reading "C:\\Users\\TINGO-AI-010\\Documents\\Go-cycle\\temp_env.txt"
2026-01-06T22:56:19.286459Z  INFO tailwindcss_oxide::scanner: Reading "C:\\Users\\TINGO-AI-010\\Documents\\Go-cycle\\components\\Rating.jsx"
2026-01-06T22:56:19.286472Z  INFO tailwindcss_oxide::scanner: Reading "C:\\Users\\TINGO-AI-010\\Documents\\Go-cycle\\scripts\\create-admin.sql"
2026-01-06T22:56:19.286582Z  INFO tailwindcss_oxide::scanner: Reading "C:\\Users\\TINGO-AI-010\\Documents\\Go-cycle\\scripts\\verify-db.js"
2026-01-06T22:56:19.286805Z  INFO tailwindcss_oxide::scanner: Reading "C:\\Users\\TINGO-AI-010\\Documents\\Go-cycle\\scripts\\test-db.js"
2026-01-06T22:56:19.286798Z  INFO tailwindcss_oxide::scanner: Reading "C:\\Users\\TINGO-AI-010\\Documents\\Go-cycle\\scripts\\setup-db.mjs"
2026-01-06T22:56:19.287174Z  INFO tailwindcss_oxide::scanner: Reading "C:\\Users\\TINGO-AI-010\\Documents\\Go-cycle\\components\\ProductCard.jsx"
2026-01-06T22:56:19.287429Z  INFO tailwindcss_oxide::scanner: Reading "C:\\Users\\TINGO-AI-010\\Documents\\Go-cycle\\components\\PageTitle.jsx"
2026-01-06T22:56:19.287425Z  INFO tailwindcss_oxide::scanner: Reading "C:\\Users\\TINGO-AI-010\\Documents\\Go-cycle\\components\\store\\StoreLayout.jsx"
2026-01-06T22:56:19.287852Z  INFO tailwindcss_oxide::scanner: Reading "C:\\Users\\TINGO-AI-010\\Documents\\Go-cycle\\scripts\\schema.sql"
2026-01-06T22:56:19.287889Z  INFO tailwindcss_oxide::scanner: Reading "C:\\Users\\TINGO-AI-010\\Documents\\Go-cycle\\components\\Skeleton.jsx"
2026-01-06T22:56:19.288148Z  INFO tailwindcss_oxide::scanner: Reading "C:\\Users\\TINGO-AI-010\\Documents\\Go-cycle\\components\\store\\StoreNavbar.jsx"
2026-01-06T22:56:19.288232Z  INFO tailwindcss_oxide::scanner: Reading "C:\\Users\\TINGO-AI-010\\Documents\\Go-cycle\\components\\RatingModal.jsx"
2026-01-06T22:56:19.288372Z  INFO extract_candidates:read_all_files: tailwindcss_oxide::scanner: exit
2026-01-06T22:56:19.288407Z  INFO extract_candidates:parse_all_blobs: tailwindcss_oxide::scanner: enter
2026-01-06T22:56:19.288424Z  INFO extract_candidates:parse_all_blobs:extract: tailwindcss_oxide::scanner: enter
2026-01-06T22:56:19.294401Z  INFO extract_candidates:parse_all_blobs:extract: tailwindcss_oxide::scanner: exit
2026-01-06T22:56:19.294894Z  INFO extract_candidates:parse_all_blobs: tailwindcss_oxide::scanner: exit
2026-01-06T22:56:19.294964Z  INFO extract_candidates:read_all_files: tailwindcss_oxide::scanner: enter
2026-01-06T22:56:19.295018Z  INFO extract_candidates:read_all_files: tailwindcss_oxide::scanner: Reading 1 file(s)
2026-01-06T22:56:19.295768Z  INFO extract_candidates:read_all_files: tailwindcss_oxide::scanner: Reading "C:\\Users\\TINGO-AI-010\\Documents\\Go-cycle\\app\\globals.css"
2026-01-06T22:56:19.295840Z  INFO extract_candidates:read_all_files: tailwindcss_oxide::scanner: exit
2026-01-06T22:56:19.295871Z  INFO extract_candidates:extract_css_variables: tailwindcss_oxide::scanner: enter
2026-01-06T22:56:19.295887Z  INFO extract_candidates:extract_css_variables:extract: tailwindcss_oxide::scanner: enter
2026-01-06T22:56:19.296106Z  INFO extract_candidates:extract_css_variables:extract: tailwindcss_oxide::scanner: exit
2026-01-06T22:56:19.296145Z  INFO extract_candidates:extract_css_variables: tailwindcss_oxide::scanner: exit
2026-01-06T22:56:19.297770Z  INFO extract_candidates: tailwindcss_oxide::scanner: exit
2026-01-06T22:56:19.300478Z  INFO get_files: tailwindcss_oxide::scanner: enter
2026-01-06T22:56:19.300526Z  INFO get_files:scan_sources: tailwindcss_oxide::scanner: enter
2026-01-06T22:56:19.305683Z  INFO get_files:scan_sources: tailwindcss_oxide::scanner: Discovering "C:\\Users\\TINGO-AI-010\\Documents\\Go-cycle\\app"
2026-01-06T22:56:19.306411Z  INFO get_files:scan_sources: tailwindcss_oxide::scanner: Discovering "C:\\Users\\TINGO-AI-010\\Documents\\Go-cycle\\app\\(public)"
2026-01-06T22:56:19.307121Z  INFO get_files:scan_sources: tailwindcss_oxide::scanner: Discovering "C:\\Users\\TINGO-AI-010\\Documents\\Go-cycle\\app\\(public)\\cart"
2026-01-06T22:56:19.307980Z  INFO get_files:scan_sources: tailwindcss_oxide::scanner: Discovering "C:\\Users\\TINGO-AI-010\\Documents\\Go-cycle\\app\\(public)\\create-store"
2026-01-06T22:56:19.308701Z  INFO get_files:scan_sources: tailwindcss_oxide::scanner: Discovering "C:\\Users\\TINGO-AI-010\\Documents\\Go-cycle\\app\\(public)\\loading"
2026-01-06T22:56:19.309305Z  INFO get_files:scan_sources: tailwindcss_oxide::scanner: Discovering "C:\\Users\\TINGO-AI-010\\Documents\\Go-cycle\\app\\(public)\\login"
2026-01-06T22:56:19.310093Z  INFO get_files:scan_sources: tailwindcss_oxide::scanner: Discovering "C:\\Users\\TINGO-AI-010\\Documents\\Go-cycle\\app\\(public)\\orders"
2026-01-06T22:56:19.311238Z  INFO get_files:scan_sources: tailwindcss_oxide::scanner: Discovering "C:\\Users\\TINGO-AI-010\\Documents\\Go-cycle\\app\\(public)\\pricing"
2026-01-06T22:56:19.311869Z  INFO get_files:scan_sources: tailwindcss_oxide::scanner: Discovering "C:\\Users\\TINGO-AI-010\\Documents\\Go-cycle\\app\\(public)\\product"
2026-01-06T22:56:19.312350Z  INFO get_files:scan_sources: tailwindcss_oxide::scanner: Discovering "C:\\Users\\TINGO-AI-010\\Documents\\Go-cycle\\app\\(public)\\product\\[productId]"
2026-01-06T22:56:19.313084Z  INFO get_files:scan_sources: tailwindcss_oxide::scanner: Discovering "C:\\Users\\TINGO-AI-010\\Documents\\Go-cycle\\app\\(public)\\shop"
2026-01-06T22:56:19.313648Z  INFO get_files:scan_sources: tailwindcss_oxide::scanner: Discovering "C:\\Users\\TINGO-AI-010\\Documents\\Go-cycle\\app\\(public)\\shop\\[username]"
2026-01-06T22:56:19.314302Z  INFO get_files:scan_sources: tailwindcss_oxide::scanner: Discovering "C:\\Users\\TINGO-AI-010\\Documents\\Go-cycle\\app\\(public)\\signup"
2026-01-06T22:56:19.314930Z  INFO get_files:scan_sources: tailwindcss_oxide::scanner: Discovering "C:\\Users\\TINGO-AI-010\\Documents\\Go-cycle\\app\\admin"
2026-01-06T22:56:19.315329Z  INFO get_files:scan_sources: tailwindcss_oxide::scanner: Discovering "C:\\Users\\TINGO-AI-010\\Documents\\Go-cycle\\app\\admin\\approve"
2026-01-06T22:56:19.315818Z  INFO get_files:scan_sources: tailwindcss_oxide::scanner: Discovering "C:\\Users\\TINGO-AI-010\\Documents\\Go-cycle\\app\\admin\\coupons"
2026-01-06T22:56:19.316395Z  INFO get_files:scan_sources: tailwindcss_oxide::scanner: Discovering "C:\\Users\\TINGO-AI-010\\Documents\\Go-cycle\\app\\admin\\notifications"
2026-01-06T22:56:19.317150Z  INFO get_files:scan_sources: tailwindcss_oxide::scanner: Discovering "C:\\Users\\TINGO-AI-010\\Documents\\Go-cycle\\app\\admin\\orders"
2026-01-06T22:56:19.317870Z  INFO get_files:scan_sources: tailwindcss_oxide::scanner: Discovering "C:\\Users\\TINGO-AI-010\\Documents\\Go-cycle\\app\\admin\\payments"
2026-01-06T22:56:19.318844Z  INFO get_files:scan_sources: tailwindcss_oxide::scanner: Discovering "C:\\Users\\TINGO-AI-010\\Documents\\Go-cycle\\app\\admin\\products"
2026-01-06T22:56:19.319417Z  INFO get_files:scan_sources: tailwindcss_oxide::scanner: Discovering "C:\\Users\\TINGO-AI-010\\Documents\\Go-cycle\\app\\admin\\stores"
2026-01-06T22:56:19.320098Z  INFO get_files:scan_sources: tailwindcss_oxide::scanner: Discovering "C:\\Users\\TINGO-AI-010\\Documents\\Go-cycle\\app\\admin\\users"
2026-01-06T22:56:19.320802Z  INFO get_files:scan_sources: tailwindcss_oxide::scanner: Discovering "C:\\Users\\TINGO-AI-010\\Documents\\Go-cycle\\app\\buyer"
2026-01-06T22:56:19.321419Z  INFO get_files:scan_sources: tailwindcss_oxide::scanner: Discovering "C:\\Users\\TINGO-AI-010\\Documents\\Go-cycle\\app\\buyer\\orders"
2026-01-06T22:56:19.322642Z  INFO get_files:scan_sources: tailwindcss_oxide::scanner: Discovering "C:\\Users\\TINGO-AI-010\\Documents\\Go-cycle\\app\\buyer\\track"
2026-01-06T22:56:19.323694Z  INFO get_files:scan_sources: tailwindcss_oxide::scanner: Discovering "C:\\Users\\TINGO-AI-010\\Documents\\Go-cycle\\app\\buyer\\track\\[orderId]"
2026-01-06T22:56:19.325546Z  INFO get_files:scan_sources: tailwindcss_oxide::scanner: Discovering "C:\\Users\\TINGO-AI-010\\Documents\\Go-cycle\\app\\delivery"
2026-01-06T22:56:19.327643Z  INFO get_files:scan_sources: tailwindcss_oxide::scanner: Discovering "C:\\Users\\TINGO-AI-010\\Documents\\Go-cycle\\app\\notifications"
2026-01-06T22:56:19.328812Z  INFO get_files:scan_sources: tailwindcss_oxide::scanner: Discovering "C:\\Users\\TINGO-AI-010\\Documents\\Go-cycle\\app\\seller"
2026-01-06T22:56:19.329702Z  INFO get_files:scan_sources: tailwindcss_oxide::scanner: Discovering "C:\\Users\\TINGO-AI-010\\Documents\\Go-cycle\\app\\seller\\orders"
2026-01-06T22:56:19.330682Z  INFO get_files:scan_sources: tailwindcss_oxide::scanner: Discovering "C:\\Users\\TINGO-AI-010\\Documents\\Go-cycle\\app\\seller\\products"
2026-01-06T22:56:19.331660Z  INFO get_files:scan_sources: tailwindcss_oxide::scanner: Discovering "C:\\Users\\TINGO-AI-010\\Documents\\Go-cycle\\app\\store"
2026-01-06T22:56:19.332239Z  INFO get_files:scan_sources: tailwindcss_oxide::scanner: Discovering "C:\\Users\\TINGO-AI-010\\Documents\\Go-cycle\\app\\store\\add-product"
2026-01-06T22:56:19.333074Z  INFO get_files:scan_sources: tailwindcss_oxide::scanner: Discovering "C:\\Users\\TINGO-AI-010\\Documents\\Go-cycle\\app\\store\\manage-product"
2026-01-06T22:56:19.334025Z  INFO get_files:scan_sources: tailwindcss_oxide::scanner: Discovering "C:\\Users\\TINGO-AI-010\\Documents\\Go-cycle\\app\\store\\orders"
2026-01-06T22:56:19.336130Z  INFO get_files:scan_sources: tailwindcss_oxide::scanner: Discovering "C:\\Users\\TINGO-AI-010\\Documents\\Go-cycle\\assets"
2026-01-06T22:56:19.339387Z  INFO get_files:scan_sources: tailwindcss_oxide::scanner: Discovering "C:\\Users\\TINGO-AI-010\\Documents\\Go-cycle\\backend"
2026-01-06T22:56:19.339947Z  INFO get_files:scan_sources: tailwindcss_oxide::scanner: Discovering "C:\\Users\\TINGO-AI-010\\Documents\\Go-cycle\\backend\\actions"
2026-01-06T22:56:19.340924Z  INFO get_files:scan_sources: tailwindcss_oxide::scanner: Discovering "C:\\Users\\TINGO-AI-010\\Documents\\Go-cycle\\backend\\lib"
2026-01-06T22:56:19.341645Z  INFO get_files:scan_sources: tailwindcss_oxide::scanner: Discovering "C:\\Users\\TINGO-AI-010\\Documents\\Go-cycle\\components"
2026-01-06T22:56:19.342494Z  INFO get_files:scan_sources: tailwindcss_oxide::scanner: Discovering "C:\\Users\\TINGO-AI-010\\Documents\\Go-cycle\\components\\admin"
2026-01-06T22:56:19.346224Z  INFO get_files:scan_sources: tailwindcss_oxide::scanner: Discovering "C:\\Users\\TINGO-AI-010\\Documents\\Go-cycle\\components\\store"
2026-01-06T22:56:19.347572Z  INFO get_files:scan_sources: tailwindcss_oxide::scanner: Discovering "C:\\Users\\TINGO-AI-010\\Documents\\Go-cycle\\lib"
2026-01-06T22:56:19.348099Z  INFO get_files:scan_sources: tailwindcss_oxide::scanner: Discovering "C:\\Users\\TINGO-AI-010\\Documents\\Go-cycle\\lib\\features"
2026-01-06T22:56:19.348613Z  INFO get_files:scan_sources: tailwindcss_oxide::scanner: Discovering "C:\\Users\\TINGO-AI-010\\Documents\\Go-cycle\\lib\\features\\address"
2026-01-06T22:56:19.349512Z  INFO get_files:scan_sources: tailwindcss_oxide::scanner: Discovering "C:\\Users\\TINGO-AI-010\\Documents\\Go-cycle\\lib\\features\\auth"
2026-01-06T22:56:19.350406Z  INFO get_files:scan_sources: tailwindcss_oxide::scanner: Discovering "C:\\Users\\TINGO-AI-010\\Documents\\Go-cycle\\lib\\features\\cart"
2026-01-06T22:56:19.351350Z  INFO get_files:scan_sources: tailwindcss_oxide::scanner: Discovering "C:\\Users\\TINGO-AI-010\\Documents\\Go-cycle\\lib\\features\\notification"
2026-01-06T22:56:19.352157Z  INFO get_files:scan_sources: tailwindcss_oxide::scanner: Discovering "C:\\Users\\TINGO-AI-010\\Documents\\Go-cycle\\lib\\features\\product"
2026-01-06T22:56:19.352936Z  INFO get_files:scan_sources: tailwindcss_oxide::scanner: Discovering "C:\\Users\\TINGO-AI-010\\Documents\\Go-cycle\\lib\\features\\rating"
2026-01-06T22:56:19.353903Z  INFO get_files:scan_sources: tailwindcss_oxide::scanner: Discovering "C:\\Users\\TINGO-AI-010\\Documents\\Go-cycle\\lib\\features\\ui"
2026-01-06T22:56:19.356346Z  INFO get_files:scan_sources: tailwindcss_oxide::scanner: Discovering "C:\\Users\\TINGO-AI-010\\Documents\\Go-cycle\\prisma"
2026-01-06T22:56:19.357325Z  INFO get_files:scan_sources: tailwindcss_oxide::scanner: Discovering "C:\\Users\\TINGO-AI-010\\Documents\\Go-cycle\\scripts"
2026-01-06T22:56:19.358836Z  INFO get_files:scan_sources: tailwindcss_oxide::scanner: exit
2026-01-06T22:56:19.359052Z  INFO get_files: tailwindcss_oxide::scanner: exit
2026-01-06T22:56:19.359920Z  INFO get_globs: tailwindcss_oxide::scanner: enter
2026-01-06T22:56:19.359987Z  INFO get_globs:scan_sources: tailwindcss_oxide::scanner: enter
2026-01-06T22:56:19.364005Z  INFO get_globs:scan_sources: tailwindcss_oxide::scanner: Discovering "C:\\Users\\TINGO-AI-010\\Documents\\Go-cycle\\app"
2026-01-06T22:56:19.364638Z  INFO get_globs:scan_sources: tailwindcss_oxide::scanner: Discovering "C:\\Users\\TINGO-AI-010\\Documents\\Go-cycle\\app\\(public)"
2026-01-06T22:56:19.365506Z  INFO get_globs:scan_sources: tailwindcss_oxide::scanner: Discovering "C:\\Users\\TINGO-AI-010\\Documents\\Go-cycle\\app\\(public)\\cart"
2026-01-06T22:56:19.366409Z  INFO get_globs:scan_sources: tailwindcss_oxide::scanner: Discovering "C:\\Users\\TINGO-AI-010\\Documents\\Go-cycle\\app\\(public)\\create-store"
2026-01-06T22:56:19.367304Z  INFO get_globs:scan_sources: tailwindcss_oxide::scanner: Discovering "C:\\Users\\TINGO-AI-010\\Documents\\Go-cycle\\app\\(public)\\loading"
2026-01-06T22:56:19.367898Z  INFO get_globs:scan_sources: tailwindcss_oxide::scanner: Discovering "C:\\Users\\TINGO-AI-010\\Documents\\Go-cycle\\app\\(public)\\login"
2026-01-06T22:56:19.368646Z  INFO get_globs:scan_sources: tailwindcss_oxide::scanner: Discovering "C:\\Users\\TINGO-AI-010\\Documents\\Go-cycle\\app\\(public)\\orders"
2026-01-06T22:56:19.369662Z  INFO get_globs:scan_sources: tailwindcss_oxide::scanner: Discovering "C:\\Users\\TINGO-AI-010\\Documents\\Go-cycle\\app\\(public)\\pricing"
2026-01-06T22:56:19.371034Z  INFO get_globs:scan_sources: tailwindcss_oxide::scanner: Discovering "C:\\Users\\TINGO-AI-010\\Documents\\Go-cycle\\app\\(public)\\product"
2026-01-06T22:56:19.371953Z  INFO get_globs:scan_sources: tailwindcss_oxide::scanner: Discovering "C:\\Users\\TINGO-AI-010\\Documents\\Go-cycle\\app\\(public)\\product\\[productId]"
2026-01-06T22:56:19.373243Z  INFO get_globs:scan_sources: tailwindcss_oxide::scanner: Discovering "C:\\Users\\TINGO-AI-010\\Documents\\Go-cycle\\app\\(public)\\shop"
2026-01-06T22:56:19.374080Z  INFO get_globs:scan_sources: tailwindcss_oxide::scanner: Discovering "C:\\Users\\TINGO-AI-010\\Documents\\Go-cycle\\app\\(public)\\shop\\[username]"
2026-01-06T22:56:19.374810Z  INFO get_globs:scan_sources: tailwindcss_oxide::scanner: Discovering "C:\\Users\\TINGO-AI-010\\Documents\\Go-cycle\\app\\(public)\\signup"
2026-01-06T22:56:19.375970Z  INFO get_globs:scan_sources: tailwindcss_oxide::scanner: Discovering "C:\\Users\\TINGO-AI-010\\Documents\\Go-cycle\\app\\admin"
2026-01-06T22:56:19.376853Z  INFO get_globs:scan_sources: tailwindcss_oxide::scanner: Discovering "C:\\Users\\TINGO-AI-010\\Documents\\Go-cycle\\app\\admin\\approve"
2026-01-06T22:56:19.377545Z  INFO get_globs:scan_sources: tailwindcss_oxide::scanner: Discovering "C:\\Users\\TINGO-AI-010\\Documents\\Go-cycle\\app\\admin\\coupons"
2026-01-06T22:56:19.378591Z  INFO get_globs:scan_sources: tailwindcss_oxide::scanner: Discovering "C:\\Users\\TINGO-AI-010\\Documents\\Go-cycle\\app\\admin\\notifications"
2026-01-06T22:56:19.379372Z  INFO get_globs:scan_sources: tailwindcss_oxide::scanner: Discovering "C:\\Users\\TINGO-AI-010\\Documents\\Go-cycle\\app\\admin\\orders"
2026-01-06T22:56:19.380188Z  INFO get_globs:scan_sources: tailwindcss_oxide::scanner: Discovering "C:\\Users\\TINGO-AI-010\\Documents\\Go-cycle\\app\\admin\\payments"
2026-01-06T22:56:19.380702Z  INFO get_globs:scan_sources: tailwindcss_oxide::scanner: Discovering "C:\\Users\\TINGO-AI-010\\Documents\\Go-cycle\\app\\admin\\products"
2026-01-06T22:56:19.381327Z  INFO get_globs:scan_sources: tailwindcss_oxide::scanner: Discovering "C:\\Users\\TINGO-AI-010\\Documents\\Go-cycle\\app\\admin\\stores"
2026-01-06T22:56:19.381983Z  INFO get_globs:scan_sources: tailwindcss_oxide::scanner: Discovering "C:\\Users\\TINGO-AI-010\\Documents\\Go-cycle\\app\\admin\\users"
2026-01-06T22:56:19.382772Z  INFO get_globs:scan_sources: tailwindcss_oxide::scanner: Discovering "C:\\Users\\TINGO-AI-010\\Documents\\Go-cycle\\app\\buyer"
2026-01-06T22:56:19.383416Z  INFO get_globs:scan_sources: tailwindcss_oxide::scanner: Discovering "C:\\Users\\TINGO-AI-010\\Documents\\Go-cycle\\app\\buyer\\orders"
2026-01-06T22:56:19.384310Z  INFO get_globs:scan_sources: tailwindcss_oxide::scanner: Discovering "C:\\Users\\TINGO-AI-010\\Documents\\Go-cycle\\app\\buyer\\track"
2026-01-06T22:56:19.384862Z  INFO get_globs:scan_sources: tailwindcss_oxide::scanner: Discovering "C:\\Users\\TINGO-AI-010\\Documents\\Go-cycle\\app\\buyer\\track\\[orderId]"
2026-01-06T22:56:19.385764Z  INFO get_globs:scan_sources: tailwindcss_oxide::scanner: Discovering "C:\\Users\\TINGO-AI-010\\Documents\\Go-cycle\\app\\delivery"
2026-01-06T22:56:19.386851Z  INFO get_globs:scan_sources: tailwindcss_oxide::scanner: Discovering "C:\\Users\\TINGO-AI-010\\Documents\\Go-cycle\\app\\notifications"
2026-01-06T22:56:19.388665Z  INFO get_globs:scan_sources: tailwindcss_oxide::scanner: Discovering "C:\\Users\\TINGO-AI-010\\Documents\\Go-cycle\\app\\seller"
2026-01-06T22:56:19.390064Z  INFO get_globs:scan_sources: tailwindcss_oxide::scanner: Discovering "C:\\Users\\TINGO-AI-010\\Documents\\Go-cycle\\app\\seller\\orders"
2026-01-06T22:56:19.391277Z  INFO get_globs:scan_sources: tailwindcss_oxide::scanner: Discovering "C:\\Users\\TINGO-AI-010\\Documents\\Go-cycle\\app\\seller\\products"
2026-01-06T22:56:19.393278Z  INFO get_globs:scan_sources: tailwindcss_oxide::scanner: Discovering "C:\\Users\\TINGO-AI-010\\Documents\\Go-cycle\\app\\store"
2026-01-06T22:56:19.394338Z  INFO get_globs:scan_sources: tailwindcss_oxide::scanner: Discovering "C:\\Users\\TINGO-AI-010\\Documents\\Go-cycle\\app\\store\\add-product"
2026-01-06T22:56:19.395073Z  INFO get_globs:scan_sources: tailwindcss_oxide::scanner: Discovering "C:\\Users\\TINGO-AI-010\\Documents\\Go-cycle\\app\\store\\manage-product"
2026-01-06T22:56:19.395704Z  INFO get_globs:scan_sources: tailwindcss_oxide::scanner: Discovering "C:\\Users\\TINGO-AI-010\\Documents\\Go-cycle\\app\\store\\orders"
2026-01-06T22:56:19.396573Z  INFO get_globs:scan_sources: tailwindcss_oxide::scanner: Discovering "C:\\Users\\TINGO-AI-010\\Documents\\Go-cycle\\assets"
2026-01-06T22:56:19.397756Z  INFO get_globs:scan_sources: tailwindcss_oxide::scanner: Discovering "C:\\Users\\TINGO-AI-010\\Documents\\Go-cycle\\backend"
2026-01-06T22:56:19.398181Z  INFO get_globs:scan_sources: tailwindcss_oxide::scanner: Discovering "C:\\Users\\TINGO-AI-010\\Documents\\Go-cycle\\backend\\actions"
2026-01-06T22:56:19.398982Z  INFO get_globs:scan_sources: tailwindcss_oxide::scanner: Discovering "C:\\Users\\TINGO-AI-010\\Documents\\Go-cycle\\backend\\lib"
2026-01-06T22:56:19.399792Z  INFO get_globs:scan_sources: tailwindcss_oxide::scanner: Discovering "C:\\Users\\TINGO-AI-010\\Documents\\Go-cycle\\components"
2026-01-06T22:56:19.400352Z  INFO get_globs:scan_sources: tailwindcss_oxide::scanner: Discovering "C:\\Users\\TINGO-AI-010\\Documents\\Go-cycle\\components\\admin"
2026-01-06T22:56:19.403232Z  INFO get_globs:scan_sources: tailwindcss_oxide::scanner: Discovering "C:\\Users\\TINGO-AI-010\\Documents\\Go-cycle\\components\\store"
2026-01-06T22:56:19.404980Z  INFO get_globs:scan_sources: tailwindcss_oxide::scanner: Discovering "C:\\Users\\TINGO-AI-010\\Documents\\Go-cycle\\lib"
2026-01-06T22:56:19.405564Z  INFO get_globs:scan_sources: tailwindcss_oxide::scanner: Discovering "C:\\Users\\TINGO-AI-010\\Documents\\Go-cycle\\lib\\features"
2026-01-06T22:56:19.405980Z  INFO get_globs:scan_sources: tailwindcss_oxide::scanner: Discovering "C:\\Users\\TINGO-AI-010\\Documents\\Go-cycle\\lib\\features\\address"
2026-01-06T22:56:19.406580Z  INFO get_globs:scan_sources: tailwindcss_oxide::scanner: Discovering "C:\\Users\\TINGO-AI-010\\Documents\\Go-cycle\\lib\\features\\auth"
2026-01-06T22:56:19.407111Z  INFO get_globs:scan_sources: tailwindcss_oxide::scanner: Discovering "C:\\Users\\TINGO-AI-010\\Documents\\Go-cycle\\lib\\features\\cart"
2026-01-06T22:56:19.407586Z  INFO get_globs:scan_sources: tailwindcss_oxide::scanner: Discovering "C:\\Users\\TINGO-AI-010\\Documents\\Go-cycle\\lib\\features\\notification"
2026-01-06T22:56:19.408052Z  INFO get_globs:scan_sources: tailwindcss_oxide::scanner: Discovering "C:\\Users\\TINGO-AI-010\\Documents\\Go-cycle\\lib\\features\\product"
2026-01-06T22:56:19.408535Z  INFO get_globs:scan_sources: tailwindcss_oxide::scanner: Discovering "C:\\Users\\TINGO-AI-010\\Documents\\Go-cycle\\lib\\features\\rating"
2026-01-06T22:56:19.408997Z  INFO get_globs:scan_sources: tailwindcss_oxide::scanner: Discovering "C:\\Users\\TINGO-AI-010\\Documents\\Go-cycle\\lib\\features\\ui"
2026-01-06T22:56:19.410319Z  INFO get_globs:scan_sources: tailwindcss_oxide::scanner: Discovering "C:\\Users\\TINGO-AI-010\\Documents\\Go-cycle\\prisma"
2026-01-06T22:56:19.410906Z  INFO get_globs:scan_sources: tailwindcss_oxide::scanner: Discovering "C:\\Users\\TINGO-AI-010\\Documents\\Go-cycle\\scripts"
2026-01-06T22:56:19.411881Z  INFO get_globs:scan_sources: tailwindcss_oxide::scanner: exit
2026-01-06T22:56:19.449104Z  INFO get_globs: tailwindcss_oxide::scanner: exit
